C51 COMPILER V9.54   ADC0832                                                               11/26/2022 14:09:43 PAGE 1   


C51 COMPILER V9.54, COMPILATION OF MODULE ADC0832
OBJECT MODULE PLACED IN ..\Output\adc0832.obj
COMPILER INVOKED BY: D:\Tool\Keil\C51\BIN\C51.EXE ..\Source\adc0832.c OPTIMIZE(8,SPEED) BROWSE INCDIR(..\Head) DEBUG OBJ
                    -ECTEXTEND PRINT(..\Output\adc0832.lst) OBJECT(..\Output\adc0832.obj)

line level    source

   1          #include"pbdata.h"
   2          #include"intrins.h"
   3          void Adc_Init()     //ADC初始化函数
   4          {       
   5   1              ADC_CS = 1;     //将片选置高
   6   1              ADC_CLK = 0;        
   7   1              ADC_D = 0;  
   8   1      }
   9          unsigned char Adc_Conv()        //ADC模数转换
  10          {   
  11   1           unsigned char i;
  12   1           unsigned char ad_result1;
  13   1           unsigned char ad_result2;
  14   1          Adc_Init();
  15   1             ADC_CS = 0;      // 片选使能，低电平时工作
  16   1             ADC_D = 1;      //在时钟第一个上升沿之前，拉高，并且在第一个下降沿之前仍然要保持为高
  17   1             ADC_CLK = 1;
  18   1             _nop_();
  19   1             ADC_CLK = 0; //产生第一个脉冲，第一次脉冲为保证片选正常工作
  20   1              //第二次脉冲与第三次脉冲用于选通道
  21   1              //ADC_D在两次脉冲输入  1  0  选择单通道1传入模拟量
  22   1             ADC_D = 1;
  23   1             _nop_();
  24   1             ADC_CLK = 1;
  25   1             _nop_();
  26   1             ADC_CLK = 0;     //第二个脉冲结束
  27   1              
  28   1             ADC_D = 0;
  29   1             _nop_();
  30   1             ADC_CLK = 1;
  31   1             _nop_();
  32   1             ADC_CLK = 0;    //第三个脉冲结束，此后再来脉冲 ，ADC_D将用于输出数据
  33   1             
  34   1             ADC_D = 1;   //把数据线拉高，准备接收数据
  35   1            //第一次读取数据,MSB
  36   1            for(i = 0;i<8;i++)
  37   1             {
  38   2               //ADC_D在下降沿时接收数据
  39   2               ADC_CLK = 1;
  40   2                 _nop_();
  41   2               ADC_CLK = 0;
  42   2               ad_result1 = ad_result1<<1; //左移，让数据在循环中存入
  43   2               if(ADC_D ==1)      //将1存入ad_result1
  44   2                   ad_result1 = ad_result1 | 0x01;           
  45   2             }
  46   1           //第二次读取数据，LSB
  47   1             for(i = 0;i<8;i++)
  48   1             {
  49   2               ad_result2 = ad_result2>>1; //右移，让数据在循环中存入  
  50   2               if(ADC_D ==1)      //将1存入ad_result1
  51   2               ad_result2 = ad_result2 | 0x80;    
  52   2               //ADC_D在下降沿时接收数据
  53   2               ADC_CLK = 1;
  54   2                 _nop_();
C51 COMPILER V9.54   ADC0832                                                               11/26/2022 14:09:43 PAGE 2   

  55   2               ADC_CLK = 0;      
  56   2             }                    
  57   1              //完成了一次操作,准备效验转换值是否正确     
  58   1             return (ad_result1 == ad_result2) ? ad_result1:0;  //若前后两次数据一致，随意返回一个即可，若不一致
             -，返回0
  59   1      }


MODULE INFORMATION:   STATIC OVERLAYABLE
   CODE SIZE        =     89    ----
   CONSTANT SIZE    =   ----    ----
   XDATA SIZE       =   ----    ----
   PDATA SIZE       =   ----    ----
   DATA SIZE        =   ----    ----
   IDATA SIZE       =   ----    ----
   BIT SIZE         =   ----    ----
END OF MODULE INFORMATION.


C51 COMPILATION COMPLETE.  0 WARNING(S),  0 ERROR(S)
