C51 COMPILER V9.54   LED                                                                   11/26/2022 14:09:43 PAGE 1   


C51 COMPILER V9.54, COMPILATION OF MODULE LED
OBJECT MODULE PLACED IN ..\Output\led.obj
COMPILER INVOKED BY: D:\Tool\Keil\C51\BIN\C51.EXE ..\Source\led.c OPTIMIZE(8,SPEED) BROWSE INCDIR(..\Head) DEBUG OBJECTE
                    -XTEND PRINT(..\Output\led.lst) OBJECT(..\Output\led.obj)

line level    source

   1          #include"pbdata.h"
   2          extern  unsigned char ad_result;
   3          void Led_Show()
   4          {
   5   1              LED = ad_result;
   6   1          if(LED2==1&&LED0==1) LED1 = 1;
   7   1          if(LED3==1&&LED1==1) LED2 = 1;    
   8   1          if(LED4==1&&LED2==1) LED3 = 1;
   9   1          if(LED5==1&&LED3==1) LED4 = 1;
  10   1          if(LED6==1&&LED4==1) LED5 = 1;
  11   1          if(LED7==1&&LED5==1) LED6 = 1;
  12   1      }


MODULE INFORMATION:   STATIC OVERLAYABLE
   CODE SIZE        =     52    ----
   CONSTANT SIZE    =   ----    ----
   XDATA SIZE       =   ----    ----
   PDATA SIZE       =   ----    ----
   DATA SIZE        =   ----    ----
   IDATA SIZE       =   ----    ----
   BIT SIZE         =   ----    ----
END OF MODULE INFORMATION.


C51 COMPILATION COMPLETE.  0 WARNING(S),  0 ERROR(S)
