C51 COMPILER V9.54   PBDATA                                                                11/26/2022 14:19:47 PAGE 1   


C51 COMPILER V9.54, COMPILATION OF MODULE PBDATA
OBJECT MODULE PLACED IN ..\Output\pbdata.obj
COMPILER INVOKED BY: D:\Tool\Keil\C51\BIN\C51.EXE ..\Source\pbdata.c OPTIMIZE(8,SPEED) BROWSE INCDIR(..\Head) DEBUG OBJE
                    -CTEXTEND PRINT(..\Output\pbdata.lst) OBJECT(..\Output\pbdata.obj)

line level    source

   1          #include"pbdata.h"
   2          #include"intrins.h"
   3          unsigned char i,length,dat_length;
   4          unsigned char dis_data[20],dis_data1[20];    
   5          unsigned  long time0_flag; 
   6          unsigned long h;
   7          unsigned char dis_str[20]={0};
   8          char* data_str(unsigned long dat)
   9          {        
  10   1             for(i = 0;i<20;i++)
  11   1          {
  12   2              dis_data[i] = 0;
  13   2          
  14   2          }
  15   1                      dat_length = dat;       
  16   1                      for(length =0;dat_length!= 0;length++)      //测量传递的数有多长
  17   1              {       
  18   2                              dat_length = dat_length/10;
  19   2              }       
  20   1                      for(i = 0;i<length;i++)            //将每一位对应的值存入数组dis_data1[]
  21   1              {
  22   2                              dis_data1[i] = ((dat%10)+'0');         
  23   2                              dat = dat/10;   
  24   2              }       
  25   1          for(i = 0;i<length;i++)
  26   1          {
  27   2                 dis_data[i] = dis_data1[(length-i-1)];
  28   2          }
  29   1          return dis_data;
  30   1      
  31   1      }
  32          void delay(unsigned long delay_ten)        
  33          {
  34   1          while(delay_ten--)
  35   1              _nop_();
  36   1      }
  37          
  38          char Strlen(char *str)
  39          {
  40   1          char i = 0;
  41   1          while(str[i] != '\0') i++;
  42   1          return i;
  43   1      }
  44          
  45          char *Dis_Str(char *str1,char *str2)
  46          {
  47   1          char inew = 0,i1 = 0, i2 = 0;
  48   1          while(i1<Strlen(str1))
  49   1          {
  50   2             dis_str[inew++] = str1[i1++];
  51   2          }
  52   1          while(i2<Strlen(str2))
  53   1          {
  54   2             dis_str[inew++] = str2[i2++];
C51 COMPILER V9.54   PBDATA                                                                11/26/2022 14:19:47 PAGE 2   

  55   2          }
  56   1      //    while(inew<9)
  57   1      //    {
  58   1      //        dis_str[inew++] =' ';
  59   1      //    }
  60   1          return dis_str;
  61   1      }
  62          
  63          


MODULE INFORMATION:   STATIC OVERLAYABLE
   CODE SIZE        =    338    ----
   CONSTANT SIZE    =   ----    ----
   XDATA SIZE       =   ----    ----
   PDATA SIZE       =   ----    ----
   DATA SIZE        =     71      19
   IDATA SIZE       =   ----    ----
   BIT SIZE         =   ----    ----
END OF MODULE INFORMATION.


C51 COMPILATION COMPLETE.  0 WARNING(S),  0 ERROR(S)
