C51 COMPILER V9.54   BUTTON                                                                11/23/2022 20:14:24 PAGE 1   


C51 COMPILER V9.54, COMPILATION OF MODULE BUTTON
OBJECT MODULE PLACED IN ..\Output\button.obj
COMPILER INVOKED BY: D:\Tool\Keil\C51\BIN\C51.EXE ..\Source\button.c OPTIMIZE(8,SPEED) BROWSE INCDIR(..\Head) DEBUG OBJE
                    -CTEXTEND PRINT(..\Output\button.lst) OBJECT(..\Output\button.obj)

line level    source

   1          #include"pbdata.h"
   2                  unsigned  int   dir1 = 0;
   3                  unsigned  int   dir2 = 0;
   4                  unsigned  int   dir3 = 0;
   5                  unsigned  int   dir4 = 0;        
   6          unsigned char Button_Init()
   7          {
   8   1              unsigned int i = 1000;
   9   1      
  10   1          if(key1==0||key2==0||key3==0||key4==0)
  11   1              {
  12   2              while(i--);
  13   2              if(key1==0)
  14   2              { dir1=1;return 1;}
  15   2              else if(key2==0)
  16   2              {dir2=2;return 2;}
  17   2              else if(key3==0)
  18   2              {dir3=3;return 3;}
  19   2              else if(key4==0)
  20   2              {dir4=4;return 4;}
  21   2              else
  22   2                  return 0;
  23   2              }
  24   1            else 
  25   1                return 0;
  26   1      }


MODULE INFORMATION:   STATIC OVERLAYABLE
   CODE SIZE        =     80    ----
   CONSTANT SIZE    =   ----    ----
   XDATA SIZE       =   ----    ----
   PDATA SIZE       =   ----    ----
   DATA SIZE        =      8    ----
   IDATA SIZE       =   ----    ----
   BIT SIZE         =   ----    ----
END OF MODULE INFORMATION.


C51 COMPILATION COMPLETE.  0 WARNING(S),  0 ERROR(S)
