C51 COMPILER V9.54   MAIN                                                                  11/23/2022 22:26:44 PAGE 1   


C51 COMPILER V9.54, COMPILATION OF MODULE MAIN
OBJECT MODULE PLACED IN ..\Output\main.obj
COMPILER INVOKED BY: D:\Tool\Keil\C51\BIN\C51.EXE ..\Source\main.c OPTIMIZE(8,SPEED) BROWSE INCDIR(..\Head) DEBUG OBJECT
                    -EXTEND PRINT(..\Output\main.lst) OBJECT(..\Output\main.obj)

line level    source

   1          #include"pbdata.h"
   2          unsigned int mode = 0;
   3          unsigned char start_button = 0;
   4          extern unsigned int time;  
   5          extern  unsigned  int   dir1 ;
   6          extern  unsigned  int   dir2 ;
   7          extern  unsigned  int   dir3 ;
   8          unsigned char warn_flag;
   9          void main()
  10          {      
  11   1              BEEP = 0;       
  12   1              LED = 1;        
  13   1              Time1_init();       //定时器1初始化，用于定时
  14   1              Time0_init();       //定时器0初始化,用于PWM控制电机转速
  15   1              Lcd1602_Init();        //LCD1602初始化
  16   1              Lcd1602_Show_string(5,1,"Waiting...");
  17   1              Lcd1602_Show_string(0,0,"Press Start");
  18   1          while(1)
  19   1          {   
  20   2              if(Button_Init()==4)    //按下开始按钮，并且将原显示清除
  21   2              {
  22   3                  start_button = 1;
  23   3                  Lcd1602_Clear();
  24   3                  Lcd1602_Show_string(2,0,"Select Mode:");
  25   3                  Lcd1602_Show_string(2,1,"HI/MED/LED");           
  26   3              }
  27   2              if(start_button==1)      //开始按键被按下后才能选择对应模式
  28   2          {           
  29   3              //检测那个按键被按下，对应执行该按键按下 执行的逻辑
  30   3              if(Button_Init()==1)        //按键1按下，将Mode设置为HI
  31   3              {          
  32   4                  Lcd1602_Clear(); //将LCD1602原本显示的清除
  33   4                  Lcd1602_Show_string(2,0,"Mode: HI");
  34   4                  Lcd1602_Show_string(2,1,"Time:");   //LCD1602上显示Time: 
  35   4                  Lcd1602_Show_string(12,1,"s");//LCD1602单位S
  36   4                  mode = 9;               //设置占空比为50%
  37   4                  time = 0;
  38   4                  TR1 = 1;    //打开定时器1;               
  39   4              }                     
  40   3              
  41   3              else if(Button_Init()==2)
  42   3              {
  43   4                  Lcd1602_Clear(); 
  44   4                  Lcd1602_Show_string(2,0,"Mode: MED");
  45   4                  Lcd1602_Show_string(2,1,"Time:");   //LCD1602上显示Time:
  46   4                  Lcd1602_Show_string(12,1,"s");//LCD1602单位S            
  47   4                  mode = 5;               //设置占空比为30%
  48   4                  time = 0;
  49   4                  TR1 = 1;
  50   4              }
  51   3              else if(Button_Init()==3)
  52   3              {
  53   4                  Lcd1602_Clear(); 
  54   4                  Lcd1602_Show_string(2,0,"Mode: LOW");
C51 COMPILER V9.54   MAIN                                                                  11/23/2022 22:26:44 PAGE 2   

  55   4                  Lcd1602_Show_string(2,1,"Time:");   //LCD1602上显示Time:   
  56   4                  Lcd1602_Show_string(12,1,"s");//LCD1602单位S          
  57   4                  mode = 3;               //设置占空比为20%
  58   4                  time = 0;
  59   4                  TR1 = 1;
  60   4              }  
  61   3          
  62   3              Lcd1602_Show_string(8,1,data_str(time));//LCD1602对应显示洗衣时间
  63   3      
  64   3                  if((dir1 == 1)&&(time==60)) //此处为控制时间多久清零，执行接下来的逻辑
  65   3                  {
  66   4                      dir1 = 0;
  67   4                      TR1 = 0;
  68   4                      time = 0;
  69   4                      Lcd1602_Clear(); //将LCD1602原本显示的清除
  70   4                      Lcd1602_Show_string(5,0,"Over");//LCD1602对应显示洗衣时间    
  71   4                      mode = 0;
  72   4                      warn_flag = 1;
  73   4      
  74   4                  }
  75   3                   else if((dir2 == 2)&&(time==30)) //此处为控制时间多久清零,执行接下来的逻辑
  76   3                  {
  77   4                      dir2 = 0;
  78   4                      TR1 = 0;
  79   4                      time = 0;
  80   4                      Lcd1602_Clear(); //将LCD1602原本显示的清除
  81   4                      Lcd1602_Show_string(5,0,"Over");//LCD1602对应显示洗衣时间 
  82   4                      mode = 0;
  83   4                      warn_flag = 1;
  84   4                  }
  85   3                  else  if((dir3 == 3)&&(time==20)) //此处为控制时间多久清零，执行接下来的逻辑
  86   3                  {
  87   4                      dir3 = 0;
  88   4                      TR1 = 0;
  89   4                      time = 0;
  90   4                      Lcd1602_Clear(); //将LCD1602原本显示的清除
  91   4                      Lcd1602_Show_string(5,0,"Over");//LCD1602对应显示洗衣时间  
  92   4                      mode = 0;
  93   4                      warn_flag = 1;
  94   4                  }
  95   3           } 
  96   2          //以下为报警条件逻辑部分
  97   2              if((start_button==1)&&(warn_flag ==1))      //开始按钮被按下，并且进入了over时间才会进入
  98   2              {
  99   3                  LED = 0;
 100   3                  BEEP = !BEEP;
 101   3                  delay(450);
 102   3                  LED = 1; 
 103   3                  BEEP = 0;
 104   3                  delay(450);            
 105   3              }
 106   2              
 107   2             }
 108   1       }
 109          


MODULE INFORMATION:   STATIC OVERLAYABLE
   CODE SIZE        =    421    ----
   CONSTANT SIZE    =     89    ----
   XDATA SIZE       =   ----    ----
   PDATA SIZE       =   ----    ----
C51 COMPILER V9.54   MAIN                                                                  11/23/2022 22:26:44 PAGE 3   

   DATA SIZE        =      4    ----
   IDATA SIZE       =   ----    ----
   BIT SIZE         =   ----    ----
END OF MODULE INFORMATION.


C51 COMPILATION COMPLETE.  0 WARNING(S),  0 ERROR(S)
