C51 COMPILER V9.54   PBDATA                                                                11/23/2022 20:14:24 PAGE 1   


C51 COMPILER V9.54, COMPILATION OF MODULE PBDATA
OBJECT MODULE PLACED IN ..\Output\pbdata.obj
COMPILER INVOKED BY: D:\Tool\Keil\C51\BIN\C51.EXE ..\Source\pbdata.c OPTIMIZE(8,SPEED) BROWSE INCDIR(..\Head) DEBUG OBJE
                    -CTEXTEND PRINT(..\Output\pbdata.lst) OBJECT(..\Output\pbdata.obj)

line level    source

   1          #include"pbdata.h"
   2          #include"intrins.h" 
   3              unsigned char dis_data[20]={0};
   4              unsigned char i,length,dat_length;
   5              unsigned char dis_str[20]={0};
   6              unsigned int time ;
   7              unsigned int time_flag;
   8          char* data_str(unsigned int dat)
   9          {        
  10   1              for(i=0;i<20;i++)
  11   1          {
  12   2              dis_data[i] = 0;
  13   2          }
  14   1                      dat_length = dat;       
  15   1                      for(length =0;dat_length!= 0;length++)      
  16   1              {       
  17   2                              dat_length = dat_length/10;
  18   2              }       
  19   1                      for(i = 0;i<length;i++)           
  20   1              {
  21   2                              dis_data[length-i-1] = ((dat%10)+'0');         
  22   2                              dat = dat/10;   
  23   2              }       
  24   1      
  25   1          return dis_data;
  26   1      }
  27          
  28          //char Strlen(char *str)
  29          //{
  30          //    char i = 0;
  31          //    while(str[i] != '\0') i++;
  32          //    return i;
  33          //}
  34          
  35          //char *Dis_Str(char *str1,char *str2)
  36          //{
  37          //    char inew = 0,i1 = 0, i2 = 0;
  38          //    while(i1<Strlen(str1))
  39          //    {
  40          //       dis_str[inew++] = str1[i1++];
  41          //    }
  42          //    while(i2<Strlen(str2))
  43          //    {
  44          //       dis_str[inew++] = str2[i2++];
  45          //    }
  46          //    while(inew<16)
  47          //    {
  48          //        dis_str[inew++] =' ';
  49          //    }
  50          //    return dis_str;
  51          //}
  52          
  53          void delay(unsigned long ten_us)
  54          {
C51 COMPILER V9.54   PBDATA                                                                11/23/2022 20:14:24 PAGE 2   

  55   1          while(ten_us--)     
  56   1          {_nop_();_nop_();_nop_();_nop_();_nop_();_nop_();_nop_();_nop_();_nop_();_nop_();}
  57   1      }
  58          
  59          void Time1_init()                               
  60          {
  61   1              TMOD|=0X10;     
  62   1              TH1 = (65536-1000)/256;
  63   1              TL1 = (65536-1000);   
  64   1              ET1=1;                        
  65   1              EA=1;                                                   
  66   1      }
  67          
  68          void Timer_1() interrupt 3
  69          {
  70   1              TH1 = (65536-1000)/256;
  71   1              TL1 = (65536-1000);   
  72   1              time_flag++;
  73   1              if(time_flag==1000)
  74   1              {          
  75   2              time_flag = 0;      //定时到1s将time_flag清零 
  76   2               time++;        //time每1s加1
  77   2              }   
  78   1      }


MODULE INFORMATION:   STATIC OVERLAYABLE
   CODE SIZE        =    199    ----
   CONSTANT SIZE    =   ----    ----
   XDATA SIZE       =   ----    ----
   PDATA SIZE       =   ----    ----
   DATA SIZE        =     47       6
   IDATA SIZE       =   ----    ----
   BIT SIZE         =   ----    ----
END OF MODULE INFORMATION.


C51 COMPILATION COMPLETE.  0 WARNING(S),  0 ERROR(S)
