C51 COMPILER V9.54   BUTTON                                                                11/25/2022 23:02:20 PAGE 1   


C51 COMPILER V9.54, COMPILATION OF MODULE BUTTON
OBJECT MODULE PLACED IN ..\Output\button.obj
COMPILER INVOKED BY: D:\Tool\Keil\C51\BIN\C51.EXE ..\Source\button.c OPTIMIZE(8,SPEED) BROWSE INCDIR(..\Head) DEBUG OBJE
                    -CTEXTEND PRINT(..\Output\button.lst) OBJECT(..\Output\button.obj)

line level    source

   1          #include"pbdata.h"
   2                  unsigned  int   dir1 = 0;
   3                  unsigned  int   dir2 = 0;   
   4          unsigned char Button_Init()
   5          {
   6   1              unsigned int i = 1000;
   7   1      
   8   1          if(key1==0||key2==0)
   9   1              {
  10   2              while(i--);
  11   2              if(key1==0)
  12   2              { dir1++;return 1;}
  13   2              else if(key2==0)
  14   2              {dir2++;return 2;}
  15   2              else
  16   2                  return 0;
  17   2              }
  18   1            else 
  19   1                return 0;
  20   1      }


MODULE INFORMATION:   STATIC OVERLAYABLE
   CODE SIZE        =     54    ----
   CONSTANT SIZE    =   ----    ----
   XDATA SIZE       =   ----    ----
   PDATA SIZE       =   ----    ----
   DATA SIZE        =      4    ----
   IDATA SIZE       =   ----    ----
   BIT SIZE         =   ----    ----
END OF MODULE INFORMATION.


C51 COMPILATION COMPLETE.  0 WARNING(S),  0 ERROR(S)
