C51 COMPILER V9.54   HCSR04                                                                11/25/2022 23:02:20 PAGE 1   


C51 COMPILER V9.54, COMPILATION OF MODULE HCSR04
OBJECT MODULE PLACED IN ..\Output\hcsr04.obj
COMPILER INVOKED BY: D:\Tool\Keil\C51\BIN\C51.EXE ..\Source\hcsr04.c OPTIMIZE(8,SPEED) BROWSE INCDIR(..\Head) DEBUG OBJE
                    -CTEXTEND PRINT(..\Output\hcsr04.lst) OBJECT(..\Output\hcsr04.obj)

line level    source

   1          #include"pbdata.h"
   2          unsigned int distence;
   3          void Timer_Init()//配置定时器0与1均在模式1工作  即16位定时/计数  用于记高电平时间
   4          {
   5   1          TMOD=0X01; 
   6   1              TH0=0;
   7   1              TL0=0;  
   8   1              EA=1; 
   9   1              ET0=1; 
  10   1              TR0=0;
  11   1              TRIG = 0;
  12   1      }
  13          
  14          void StartModule()      //用于发射波，使用函数调用，每次执行时都能发送波，在while中实现不断发波
  15           {
  16   1              TRIG = 1;
  17   1              delay(1844);        //延时一定时间，保证有高电平
  18   1              TRIG = 0;
  19   1       }
  20           
  21            void Conut(void)          //用于计算回波的距离
  22          {       
  23   1      
  24   1              unsigned int time;      
  25   1              time=TH0*256+TL0;
  26   1              TH0=0;
  27   1              TL0=0;
  28   1              distence=(time)/58;
  29   1      }
  30          unsigned int Get_Distence()     //模块调用函数，测得返回距离，函数返回值即为距离
  31          {           
  32   1                  Timer_Init();
  33   1                  StartModule();
  34   1                              while(!ECHO); 
  35   1                              TR0=1; 
  36   1                              while(ECHO); 
  37   1                              TR0=0; 
  38   1                  Conut(); 
  39   1                  TH0=0;       
  40   1                  TL0=0;  
  41   1                  return distence;
  42   1      }


MODULE INFORMATION:   STATIC OVERLAYABLE
   CODE SIZE        =     91    ----
   CONSTANT SIZE    =   ----    ----
   XDATA SIZE       =   ----    ----
   PDATA SIZE       =   ----    ----
   DATA SIZE        =      2    ----
   IDATA SIZE       =   ----    ----
   BIT SIZE         =   ----    ----
END OF MODULE INFORMATION.


C51 COMPILATION COMPLETE.  0 WARNING(S),  0 ERROR(S)
