C51 COMPILER V9.54   LCD1602                                                               11/25/2022 23:02:20 PAGE 1   


C51 COMPILER V9.54, COMPILATION OF MODULE LCD1602
OBJECT MODULE PLACED IN ..\Output\lcd1602.obj
COMPILER INVOKED BY: D:\Tool\Keil\C51\BIN\C51.EXE ..\Source\lcd1602.c OPTIMIZE(8,SPEED) BROWSE INCDIR(..\Head) DEBUG OBJ
                    -ECTEXTEND PRINT(..\Output\lcd1602.lst) OBJECT(..\Output\lcd1602.obj)

line level    source

   1          #include"pbdata.h"
   2          
   3          void LCD1602_BusyCheck()       
   4          {       
   5   1              unsigned int sta ;
   6   1              LCD1602_DATAPORT = 0XFF;   
   7   1              LCD1602_RS = 0;
   8   1              LCD1602_RW = 1;  
   9   1             do {     
  10   2              LCD1602_E = 1;
  11   2              sta = LCD1602_DATAPORT;
  12   2              LCD1602_E = 0;    
  13   2             }while((sta & 0x80 )== 0x80);    
  14   1      }
  15          
  16          void delay_lcd1602(unsigned int  ten_us)
  17          {
  18   1              while(ten_us--);
  19   1      
  20   1      }
  21          
  22          void Lcd1602_Init()         //LCD初始化函数
  23          {
  24   1            Lcd1602_Write_cmd(0X38);      //数据总线8位，显示2行
  25   1            Lcd1602_Write_cmd(0x0c);      //显示功能打开，无光标，光标闪烁
  26   1            Lcd1602_Write_cmd(0x06);      //写入新数据后光标右移，显示屏不移动
  27   1            Lcd1602_Write_cmd(0X01);      //清屏
  28   1            Lcd1602_Show_string(0,0,"      ");//先显示空白，解决LCD1602第一次显示数据时前6列不显示的bug
  29   1      }
  30              
  31          
  32          void Lcd1602_Write_cmd(unsigned int cmd)        //根据时序图编写lcd写命令函数
  33          {
  34   1          LCD1602_RS = 0; //选择写命令     ，高数低命（数据，命令）
  35   1          LCD1602_RW = 0;//选择写    ，高读低写
  36   1          LCD1602_E = 0;
  37   1          LCD1602_DATAPORT = cmd;
  38   1          delay_lcd1602(1);
  39   1          LCD1602_E = 1;//上升沿写入
  40   1          delay_lcd1602(1);
  41   1          LCD1602_E = 0;//写入完成，将E拉低
  42   1      }
  43          
  44          void Lcd1602_Write_data(unsigned int dat)    //根据时序图编写lcd写数据函数
  45          {
  46   1          LCD1602_RS = 1; //选择写数据     ，高数低命（数据，命令）
  47   1          LCD1602_RW = 0;//选择写    ，高读低写
  48   1          LCD1602_E = 0;
  49   1          LCD1602_DATAPORT = dat;
  50   1          delay_lcd1602(1);
  51   1          LCD1602_E = 1;//上升沿写入
  52   1          delay_lcd1602(1);
  53   1          LCD1602_E = 0;//写入完成，将E拉低
  54   1      }
C51 COMPILER V9.54   LCD1602                                                               11/25/2022 23:02:20 PAGE 2   

  55          
  56          void Lcd1602_Clear()
  57          {
  58   1          Lcd1602_Write_cmd(0x01);
  59   1      }    
  60          
  61          void Lcd1602_Show_string(unsigned char x,unsigned char y,unsigned char *str)//x为列，y为行,str为要显示的字
             -符串
  62          {
  63   1              unsigned char i = 0;//记录当前为字符串的第几个字符   
  64   1          LCD1602_BusyCheck();
  65   1          if(y>1||x>15)return;    //  若超过第一行，或者第15列，lcd无法显示，则直接退出函数
  66   1          
  67   1          if(y<1) //第一行显示
  68   1          {
  69   2              while(*str!='\0')    //字符串结尾为\0
  70   2              {
  71   3                  if(i<16-x)//字符若不超过15列，则在第一行显示
  72   3                  {
  73   4                          Lcd1602_Write_cmd(0x80+i+x);                
  74   4                  }
  75   3                  else//字符若超过15列，则将其在第二行继续显示
  76   3                  {
  77   4                          Lcd1602_Write_cmd(0x40+0x80+i+x-16);
  78   4                  }
  79   3                  Lcd1602_Write_data(*str);//将字符串的第一个显示
  80   3                  str++;//将地址往后一个推，依次显示直到推到字符串结尾为\0推出循环
  81   3                  i++;        
  82   3              }        
  83   2          }
  84   1          else    //第二行显示
  85   1          {
  86   2               while(*str!='\0')    //字符串结尾为\0
  87   2              {
  88   3                  if(i<16-x)  //如果字符长度不超过第二行，则在第二行显示
  89   3                  {
  90   4                          Lcd1602_Write_cmd(0x80+0x40+i+x);                
  91   4                  }
  92   3                  else//如果字符长度超过第二行，则在第一行继续显示
  93   3                  {
  94   4                          Lcd1602_Write_cmd(0x80+i+x-16);
  95   4                  }
  96   3                  Lcd1602_Write_data(*str);//将字符串的第一个显示
  97   3                  str++;//将地址往后一个推，依次显示直到推到字符串结尾为\0推出循环
  98   3                  i++;        
  99   3              }    
 100   2          }
 101   1          
 102   1      }


MODULE INFORMATION:   STATIC OVERLAYABLE
   CODE SIZE        =    280    ----
   CONSTANT SIZE    =      7    ----
   XDATA SIZE       =   ----    ----
   PDATA SIZE       =   ----    ----
   DATA SIZE        =   ----       2
   IDATA SIZE       =   ----    ----
   BIT SIZE         =   ----    ----
END OF MODULE INFORMATION.


C51 COMPILATION COMPLETE.  0 WARNING(S),  0 ERROR(S)
