C51 COMPILER V9.54   MAIN                                                                  11/26/2022 09:34:11 PAGE 1   


C51 COMPILER V9.54, COMPILATION OF MODULE MAIN
OBJECT MODULE PLACED IN ..\Output\main.obj
COMPILER INVOKED BY: D:\Tool\Keil\C51\BIN\C51.EXE ..\Source\main.c OPTIMIZE(8,SPEED) BROWSE INCDIR(..\Head) DEBUG OBJECT
                    -EXTEND PRINT(..\Output\main.lst) OBJECT(..\Output\main.obj)

line level    source

   1          #include "pbdata.h"
   2             static unsigned int data_warn = 15;
   3              extern unsigned int distence;
   4          void main()
   5          {        
   6   1              BEEP = 1;
   7   1              k1 = 1;
   8   1              Lcd1602_Init();
   9   1              Timer1_Init();
  10   1      while(1)
  11   1      {        
  12   2              if((Button_Init())==1)                //检测那个按键被按下，执行对应的逻辑
  13   2              {
  14   3                  data_warn++; 
  15   3                  delay(5000);
  16   3              }     
  17   2              else if((Button_Init())==2)
  18   2              {
  19   3                  data_warn--; 
  20   3                  delay(5000);
  21   3                  if(data_warn==0)
  22   3                          break;
  23   3              } 
  24   2                  Lcd1602_Show_string( 0,0,Dis_Str ("Distence:",data_str( Get_Distence() ) ) );      
  25   2                  Lcd1602_Show_string(0,1,Dis_Str("Warning:",data_str(data_warn)));
  26   2              if(Get_Distence()<data_warn) 
  27   2              {
  28   3                  TR1 = 1;
  29   3                  LED = ~LED; 
  30   3                  BEEP =!BEEP;
  31   3              }
  32   2      }
  33   1      }
  34          
  35          void Timer1() interrupt 3
  36          {
  37   1          unsigned long i = 10000;
  38   1          k1 = 0;
  39   1          while(i--)  {_nop_();}
  40   1          k1 = 1;
  41   1          TR1 = 0;
  42   1      }
  43          
  44          


MODULE INFORMATION:   STATIC OVERLAYABLE
   CODE SIZE        =    212    ----
   CONSTANT SIZE    =     19    ----
   XDATA SIZE       =   ----    ----
   PDATA SIZE       =   ----    ----
   DATA SIZE        =      2       4
   IDATA SIZE       =   ----    ----
   BIT SIZE         =   ----    ----
C51 COMPILER V9.54   MAIN                                                                  11/26/2022 09:34:11 PAGE 2   

END OF MODULE INFORMATION.


C51 COMPILATION COMPLETE.  0 WARNING(S),  0 ERROR(S)
