C51 COMPILER V9.54   WARN                                                                  11/24/2022 13:33:31 PAGE 1   


C51 COMPILER V9.54, COMPILATION OF MODULE WARN
OBJECT MODULE PLACED IN ..\Output\warn.obj
COMPILER INVOKED BY: D:\Tool\Keil\C51\BIN\C51.EXE ..\Source\warn.c OPTIMIZE(8,SPEED) BROWSE INCDIR(..\Head) DEBUG OBJECT
                    -EXTEND PRINT(..\Output\warn.lst) OBJECT(..\Output\warn.obj)

line level    source

   1          #include"pbdata.h"
*** ERROR C231 IN LINE 10 OF ..\Head\pbdata.h: 'LED': redefinition
   2          
   3          void Time0_init()                                
   4          {
   5   1              TMOD=0X10;      
   6   1              TH1=0XFC;
   7   1              TL1=0X18;
   8   1          ET0 = 1;                                       
   9   1          EA = 1;                                         
  10   1      }
  11          
  12          //void Time0() interrupt 1
  13          //{
  14          //        unsigned char j=0;
  15          //    if(TF1==1)
  16          //              {
  17          //                      TF1=0;
  18          //                      TH1=0XFC;
  19          //                      TL1=0X18;
  20          //                      j++;
  21          //                      if(j==1)         
  22          //                      {       
  23          //                              j=0;
  24          //                              BEEP=~BEEP;
  25          //                LED = ~LED;
  26          //                      }
  27          //              }
  28          //}
  29              

C51 COMPILATION COMPLETE.  0 WARNING(S),  1 ERROR(S)
